<?xml version="1.0" encoding="UTF-8"?>
<testng-results skipped="0" failed="1" ignored="0" total="1" passed="0">
  <reporter-output>
  </reporter-output>
  <suite name="Suite" duration-ms="39170" started-at="2021-02-06T15:54:27 IST" finished-at="2021-02-06T15:55:06 IST">
    <groups>
    </groups>
    <test name="Test" duration-ms="39170" started-at="2021-02-06T15:54:27 IST" finished-at="2021-02-06T15:55:06 IST">
      <class name="org.testing.testscript.TC1">
        <test-method status="PASS" signature="BrowserLaunch()[pri:0, instance:org.testing.testscript.TC1@23faf8f2]" name="BrowserLaunch" is-config="true" duration-ms="7304" started-at="2021-02-06T15:54:27 IST" finished-at="2021-02-06T15:54:34 IST">
          <reporter-output>
          </reporter-output>
        </test-method> <!-- BrowserLaunch -->
        <test-method status="FAIL" signature="QAopening()[pri:0, instance:org.testing.testscript.TC1@23faf8f2]" name="QAopening" duration-ms="31139" started-at="2021-02-06T15:54:34 IST" finished-at="2021-02-06T15:55:05 IST">
          <exception class="java.io.IOException">
            <message>
              <![CDATA[Destination 'C:\Users\Awanish\Desktop\Screenshot' directory cannot be created]]>
            </message>
            <full-stacktrace>
              <![CDATA[java.io.IOException: Destination 'C:\Users\Awanish\Desktop\Screenshot' directory cannot be created
at org.apache.commons.io.FileUtils.copyFile(FileUtils.java:791)
at org.apache.commons.io.FileUtils.copyFile(FileUtils.java:747)
at org.testing.utilities.Screenshot.takescreenshots(Screenshot.java:14)
at org.testing.testscript.TC1.QAopening(TC1.java:80)
at sun.reflect.NativeMethodAccessorImpl.invoke0(Native Method)
at sun.reflect.NativeMethodAccessorImpl.invoke(Unknown Source)
at sun.reflect.DelegatingMethodAccessorImpl.invoke(Unknown Source)
at java.lang.reflect.Method.invoke(Unknown Source)
at org.testng.internal.MethodInvocationHelper.invokeMethod(MethodInvocationHelper.java:132)
at org.testng.internal.TestInvoker.invokeMethod(TestInvoker.java:599)
at org.testng.internal.TestInvoker.invokeTestMethod(TestInvoker.java:174)
at org.testng.internal.MethodRunner.runInSequence(MethodRunner.java:46)
at org.testng.internal.TestInvoker$MethodInvocationAgent.invoke(TestInvoker.java:822)
at org.testng.internal.TestInvoker.invokeTestMethods(TestInvoker.java:147)
at org.testng.internal.TestMethodWorker.invokeTestMethods(TestMethodWorker.java:146)
at org.testng.internal.TestMethodWorker.run(TestMethodWorker.java:128)
at java.util.ArrayList.forEach(Unknown Source)
at org.testng.TestRunner.privateRun(TestRunner.java:764)
at org.testng.TestRunner.run(TestRunner.java:585)
at org.testng.SuiteRunner.runTest(SuiteRunner.java:384)
at org.testng.SuiteRunner.runSequentially(SuiteRunner.java:378)
at org.testng.SuiteRunner.privateRun(SuiteRunner.java:337)
at org.testng.SuiteRunner.run(SuiteRunner.java:286)
at org.testng.SuiteRunnerWorker.runSuite(SuiteRunnerWorker.java:53)
at org.testng.SuiteRunnerWorker.run(SuiteRunnerWorker.java:96)
at org.testng.TestNG.runSuitesSequentially(TestNG.java:1218)
at org.testng.TestNG.runSuitesLocally(TestNG.java:1140)
at org.testng.TestNG.runSuites(TestNG.java:1069)
at org.testng.TestNG.run(TestNG.java:1037)
at org.testng.remote.AbstractRemoteTestNG.run(AbstractRemoteTestNG.java:115)
at org.testng.remote.RemoteTestNG.initAndRun(RemoteTestNG.java:251)
at org.testng.remote.RemoteTestNG.main(RemoteTestNG.java:77)
]]>
            </full-stacktrace>
          </exception> <!-- java.io.IOException -->
          <reporter-output>
          </reporter-output>
        </test-method> <!-- QAopening -->
        <test-method status="PASS" signature="browserclose()[pri:0, instance:org.testing.testscript.TC1@23faf8f2]" name="browserclose" is-config="true" duration-ms="695" started-at="2021-02-06T15:55:05 IST" finished-at="2021-02-06T15:55:06 IST">
          <reporter-output>
          </reporter-output>
        </test-method> <!-- browserclose -->
      </class> <!-- org.testing.testscript.TC1 -->
    </test> <!-- Test -->
  </suite> <!-- Suite -->
</testng-results>
