<?xml version="1.0" encoding="UTF-8"?>
<testng-results skipped="0" failed="0" ignored="0" total="1" passed="1">
  <reporter-output>
  </reporter-output>
  <suite name="Suite" duration-ms="41990" started-at="2020-08-07T17:06:53 IST" finished-at="2020-08-07T17:07:35 IST">
    <groups>
    </groups>
    <test name="Test" duration-ms="41990" started-at="2020-08-07T17:06:53 IST" finished-at="2020-08-07T17:07:35 IST">
      <class name="org.testing.testscript.TC1">
        <test-method status="PASS" signature="BrowserLaunch()[pri:0, instance:org.testing.testscript.TC1@4973813a]" name="BrowserLaunch" is-config="true" duration-ms="30726" started-at="2020-08-07T17:06:53 IST" finished-at="2020-08-07T17:07:24 IST">
          <reporter-output>
          </reporter-output>
        </test-method> <!-- BrowserLaunch -->
        <test-method status="PASS" signature="QAopening()[pri:0, instance:org.testing.testscript.TC1@4973813a]" name="QAopening" duration-ms="7646" started-at="2020-08-07T17:07:24 IST" finished-at="2020-08-07T17:07:31 IST">
          <reporter-output>
          </reporter-output>
        </test-method> <!-- QAopening -->
        <test-method status="PASS" signature="browserclose()[pri:0, instance:org.testing.testscript.TC1@4973813a]" name="browserclose" is-config="true" duration-ms="3093" started-at="2020-08-07T17:07:32 IST" finished-at="2020-08-07T17:07:35 IST">
          <reporter-output>
          </reporter-output>
        </test-method> <!-- browserclose -->
      </class> <!-- org.testing.testscript.TC1 -->
    </test> <!-- Test -->
  </suite> <!-- Suite -->
</testng-results>
