<?xml version="1.0" encoding="UTF-8"?>
<!-- Generated by org.testng.reporters.JUnitXMLReporter -->
<testsuite hostname="DESKTOP-0QCH4M5" ignored="0" name="Test" tests="1" failures="1" timestamp="2021-02-06T15:55:06 IST" time="39.17" errors="0">
  <testcase name="QAopening" time="31.139" classname="org.testing.testscript.TC1">
    <failure type="java.io.IOException" message="Destination &amp;apos;C:\Users\Awanish\Desktop\Screenshot&amp;apos; directory cannot be created">
      <![CDATA[java.io.IOException: Destination 'C:\Users\Awanish\Desktop\Screenshot' directory cannot be created
at org.apache.commons.io.FileUtils.copyFile(FileUtils.java:791)
at org.apache.commons.io.FileUtils.copyFile(FileUtils.java:747)
at org.testing.utilities.Screenshot.takescreenshots(Screenshot.java:14)
at org.testing.testscript.TC1.QAopening(TC1.java:80)
at java.util.ArrayList.forEach(Unknown Source)
... Removed 27 stack frames]]>
    </failure>
  </testcase> <!-- QAopening -->
</testsuite> <!-- Test -->
