<?xml version="1.0" encoding="UTF-8"?>
<!-- Generated by org.testng.reporters.JUnitXMLReporter -->
<testsuite hostname="DESKTOP-IBA81BL" ignored="0" name="Test" tests="8" failures="0" timestamp="2021-01-08T10:47:37 IST" time="16.054" errors="0">
  <testcase name="@BeforeMethod Brlaunch" time="3.796" classname="org.testing.Base.Base">
    <failure type="org.openqa.selenium.SessionNotCreatedException" message="session not created: This version of ChromeDriver only supports Chrome version 85
Build info: version: &amp;apos;3.141.59&amp;apos;, revision: &amp;apos;e82be7d358&amp;apos;, time: &amp;apos;2018-11-14T08:25:48&amp;apos;
System info: host: &amp;apos;DESKTOP-IBA81BL&amp;apos;, ip: &amp;apos;192.168.0.104&amp;apos;, os.name: &amp;apos;Windows 10&amp;apos;, os.arch: &amp;apos;amd64&amp;apos;, os.version: &amp;apos;10.0&amp;apos;, java.version: &amp;apos;1.8.0_231&amp;apos;
Driver info: driver.version: ChromeDriver
remote stacktrace: Backtrace:
	Ordinal0 [0x00C6D383+3134339]
	Ordinal0 [0x00B5A171+2007409]
	Ordinal0 [0x009FAEE8+569064]
	Ordinal0 [0x0098139F+70559]
	Ordinal0 [0x0097CC63+52323]
	Ordinal0 [0x009A0DFC+200188]
	Ordinal0 [0x009A0C1D+199709]
	Ordinal0 [0x0099EB0B+191243]
	Ordinal0 [0x00982E77+77431]
	Ordinal0 [0x00983E3E+81470]
	Ordinal0 [0x00983DC9+81353]
	Ordinal0 [0x00B70CD9+2100441]
	GetHandleVerifier [0x00DDB75A+1396954]
	GetHandleVerifier [0x00DDB3D9+1396057]
	GetHandleVerifier [0x00DE7126+1444518]
	GetHandleVerifier [0x00DDBCE8+1398376]
	Ordinal0 [0x00B67F51+2064209]
	Ordinal0 [0x00B722EB+2106091]
	Ordinal0 [0x00B72411+2106385]
	Ordinal0 [0x00B849C4+2181572]
	BaseThreadInitThunk [0x759A6359+25]
	RtlGetAppContainerNamedObjectPath [0x77558944+228]
	RtlGetAppContainerNamedObjectPath [0x77558914+180]
">
      <![CDATA[org.openqa.selenium.SessionNotCreatedException: session not created: This version of ChromeDriver only supports Chrome version 85
Build info: version: '3.141.59', revision: 'e82be7d358', time: '2018-11-14T08:25:48'
System info: host: 'DESKTOP-IBA81BL', ip: '192.168.0.104', os.name: 'Windows 10', os.arch: 'amd64', os.version: '10.0', java.version: '1.8.0_231'
Driver info: driver.version: ChromeDriver
remote stacktrace: Backtrace:
Ordinal0 [0x00C6D383+3134339]
Ordinal0 [0x00B5A171+2007409]
Ordinal0 [0x009FAEE8+569064]
Ordinal0 [0x0098139F+70559]
Ordinal0 [0x0097CC63+52323]
Ordinal0 [0x009A0DFC+200188]
Ordinal0 [0x009A0C1D+199709]
Ordinal0 [0x0099EB0B+191243]
Ordinal0 [0x00982E77+77431]
Ordinal0 [0x00983E3E+81470]
Ordinal0 [0x00983DC9+81353]
Ordinal0 [0x00B70CD9+2100441]
GetHandleVerifier [0x00DDB75A+1396954]
GetHandleVerifier [0x00DDB3D9+1396057]
GetHandleVerifier [0x00DE7126+1444518]
GetHandleVerifier [0x00DDBCE8+1398376]
Ordinal0 [0x00B67F51+2064209]
Ordinal0 [0x00B722EB+2106091]
Ordinal0 [0x00B72411+2106385]
Ordinal0 [0x00B849C4+2181572]
BaseThreadInitThunk [0x759A6359+25]
RtlGetAppContainerNamedObjectPath [0x77558944+228]
RtlGetAppContainerNamedObjectPath [0x77558914+180]

at org.openqa.selenium.remote.W3CHandshakeResponse.lambda$errorHandler$0(W3CHandshakeResponse.java:62)
at org.openqa.selenium.remote.HandshakeResponse.lambda$getResponseFunction$0(HandshakeResponse.java:30)
at org.openqa.selenium.remote.ProtocolHandshake.lambda$createSession$0(ProtocolHandshake.java:126)
at java.util.stream.ReferencePipeline$3$1.accept(Unknown Source)
at java.util.Spliterators$ArraySpliterator.tryAdvance(Unknown Source)
at java.util.stream.ReferencePipeline.forEachWithCancel(Unknown Source)
at java.util.stream.AbstractPipeline.copyIntoWithCancel(Unknown Source)
at java.util.stream.AbstractPipeline.copyInto(Unknown Source)
at java.util.stream.AbstractPipeline.wrapAndCopyInto(Unknown Source)
at java.util.stream.FindOps$FindOp.evaluateSequential(Unknown Source)
at java.util.stream.AbstractPipeline.evaluate(Unknown Source)
at java.util.stream.ReferencePipeline.findFirst(Unknown Source)
at org.openqa.selenium.remote.ProtocolHandshake.createSession(ProtocolHandshake.java:128)
at org.openqa.selenium.remote.ProtocolHandshake.createSession(ProtocolHandshake.java:74)
at org.openqa.selenium.remote.HttpCommandExecutor.execute(HttpCommandExecutor.java:136)
at org.openqa.selenium.remote.service.DriverCommandExecutor.execute(DriverCommandExecutor.java:83)
at org.openqa.selenium.remote.RemoteWebDriver.execute(RemoteWebDriver.java:552)
at org.openqa.selenium.remote.RemoteWebDriver.startSession(RemoteWebDriver.java:213)
at org.openqa.selenium.remote.RemoteWebDriver.<init>(RemoteWebDriver.java:131)
at org.openqa.selenium.chrome.ChromeDriver.<init>(ChromeDriver.java:181)
at org.openqa.selenium.chrome.ChromeDriver.<init>(ChromeDriver.java:168)
at org.openqa.selenium.chrome.ChromeDriver.<init>(ChromeDriver.java:123)
at org.testing.Base.Base.Brlaunch(Base.java:27)
at java.util.ArrayList.forEach(Unknown Source)
... Removed 35 stack frames]]>
    </failure>
  </testcase> <!-- @BeforeMethod Brlaunch -->
  <testcase name="@AfterMethod Browserclose" time="-1.610083045518E9" classname="org.testing.Base.Base">
    <skipped/>
  </testcase> <!-- @AfterMethod Browserclose -->
  <testcase name="@BeforeMethod Brlaunch" time="1.855" classname="org.testing.Base.Base">
    <failure type="org.openqa.selenium.SessionNotCreatedException" message="session not created: This version of ChromeDriver only supports Chrome version 85
Build info: version: &amp;apos;3.141.59&amp;apos;, revision: &amp;apos;e82be7d358&amp;apos;, time: &amp;apos;2018-11-14T08:25:48&amp;apos;
System info: host: &amp;apos;DESKTOP-IBA81BL&amp;apos;, ip: &amp;apos;192.168.0.104&amp;apos;, os.name: &amp;apos;Windows 10&amp;apos;, os.arch: &amp;apos;amd64&amp;apos;, os.version: &amp;apos;10.0&amp;apos;, java.version: &amp;apos;1.8.0_231&amp;apos;
Driver info: driver.version: ChromeDriver
remote stacktrace: Backtrace:
	Ordinal0 [0x00C6D383+3134339]
	Ordinal0 [0x00B5A171+2007409]
	Ordinal0 [0x009FAEE8+569064]
	Ordinal0 [0x0098139F+70559]
	Ordinal0 [0x0097CC63+52323]
	Ordinal0 [0x009A0DFC+200188]
	Ordinal0 [0x009A0C1D+199709]
	Ordinal0 [0x0099EB0B+191243]
	Ordinal0 [0x00982E77+77431]
	Ordinal0 [0x00983E3E+81470]
	Ordinal0 [0x00983DC9+81353]
	Ordinal0 [0x00B70CD9+2100441]
	GetHandleVerifier [0x00DDB75A+1396954]
	GetHandleVerifier [0x00DDB3D9+1396057]
	GetHandleVerifier [0x00DE7126+1444518]
	GetHandleVerifier [0x00DDBCE8+1398376]
	Ordinal0 [0x00B67F51+2064209]
	Ordinal0 [0x00B722EB+2106091]
	Ordinal0 [0x00B72411+2106385]
	Ordinal0 [0x00B849C4+2181572]
	BaseThreadInitThunk [0x759A6359+25]
	RtlGetAppContainerNamedObjectPath [0x77558944+228]
	RtlGetAppContainerNamedObjectPath [0x77558914+180]
">
      <![CDATA[org.openqa.selenium.SessionNotCreatedException: session not created: This version of ChromeDriver only supports Chrome version 85
Build info: version: '3.141.59', revision: 'e82be7d358', time: '2018-11-14T08:25:48'
System info: host: 'DESKTOP-IBA81BL', ip: '192.168.0.104', os.name: 'Windows 10', os.arch: 'amd64', os.version: '10.0', java.version: '1.8.0_231'
Driver info: driver.version: ChromeDriver
remote stacktrace: Backtrace:
Ordinal0 [0x00C6D383+3134339]
Ordinal0 [0x00B5A171+2007409]
Ordinal0 [0x009FAEE8+569064]
Ordinal0 [0x0098139F+70559]
Ordinal0 [0x0097CC63+52323]
Ordinal0 [0x009A0DFC+200188]
Ordinal0 [0x009A0C1D+199709]
Ordinal0 [0x0099EB0B+191243]
Ordinal0 [0x00982E77+77431]
Ordinal0 [0x00983E3E+81470]
Ordinal0 [0x00983DC9+81353]
Ordinal0 [0x00B70CD9+2100441]
GetHandleVerifier [0x00DDB75A+1396954]
GetHandleVerifier [0x00DDB3D9+1396057]
GetHandleVerifier [0x00DE7126+1444518]
GetHandleVerifier [0x00DDBCE8+1398376]
Ordinal0 [0x00B67F51+2064209]
Ordinal0 [0x00B722EB+2106091]
Ordinal0 [0x00B72411+2106385]
Ordinal0 [0x00B849C4+2181572]
BaseThreadInitThunk [0x759A6359+25]
RtlGetAppContainerNamedObjectPath [0x77558944+228]
RtlGetAppContainerNamedObjectPath [0x77558914+180]

at org.openqa.selenium.remote.W3CHandshakeResponse.lambda$errorHandler$0(W3CHandshakeResponse.java:62)
at org.openqa.selenium.remote.HandshakeResponse.lambda$getResponseFunction$0(HandshakeResponse.java:30)
at org.openqa.selenium.remote.ProtocolHandshake.lambda$createSession$0(ProtocolHandshake.java:126)
at java.util.stream.ReferencePipeline$3$1.accept(Unknown Source)
at java.util.Spliterators$ArraySpliterator.tryAdvance(Unknown Source)
at java.util.stream.ReferencePipeline.forEachWithCancel(Unknown Source)
at java.util.stream.AbstractPipeline.copyIntoWithCancel(Unknown Source)
at java.util.stream.AbstractPipeline.copyInto(Unknown Source)
at java.util.stream.AbstractPipeline.wrapAndCopyInto(Unknown Source)
at java.util.stream.FindOps$FindOp.evaluateSequential(Unknown Source)
at java.util.stream.AbstractPipeline.evaluate(Unknown Source)
at java.util.stream.ReferencePipeline.findFirst(Unknown Source)
at org.openqa.selenium.remote.ProtocolHandshake.createSession(ProtocolHandshake.java:128)
at org.openqa.selenium.remote.ProtocolHandshake.createSession(ProtocolHandshake.java:74)
at org.openqa.selenium.remote.HttpCommandExecutor.execute(HttpCommandExecutor.java:136)
at org.openqa.selenium.remote.service.DriverCommandExecutor.execute(DriverCommandExecutor.java:83)
at org.openqa.selenium.remote.RemoteWebDriver.execute(RemoteWebDriver.java:552)
at org.openqa.selenium.remote.RemoteWebDriver.startSession(RemoteWebDriver.java:213)
at org.openqa.selenium.remote.RemoteWebDriver.<init>(RemoteWebDriver.java:131)
at org.openqa.selenium.chrome.ChromeDriver.<init>(ChromeDriver.java:181)
at org.openqa.selenium.chrome.ChromeDriver.<init>(ChromeDriver.java:168)
at org.openqa.selenium.chrome.ChromeDriver.<init>(ChromeDriver.java:123)
at org.testing.Base.Base.Brlaunch(Base.java:27)
at java.util.ArrayList.forEach(Unknown Source)
... Removed 35 stack frames]]>
    </failure>
  </testcase> <!-- @BeforeMethod Brlaunch -->
  <testcase name="@AfterMethod Browserclose" time="-1.610083047408E9" classname="org.testing.Base.Base">
    <skipped/>
  </testcase> <!-- @AfterMethod Browserclose -->
  <testcase name="@BeforeMethod Brlaunch" time="1.525" classname="org.testing.Base.Base">
    <failure type="org.openqa.selenium.SessionNotCreatedException" message="session not created: This version of ChromeDriver only supports Chrome version 85
Build info: version: &amp;apos;3.141.59&amp;apos;, revision: &amp;apos;e82be7d358&amp;apos;, time: &amp;apos;2018-11-14T08:25:48&amp;apos;
System info: host: &amp;apos;DESKTOP-IBA81BL&amp;apos;, ip: &amp;apos;192.168.0.104&amp;apos;, os.name: &amp;apos;Windows 10&amp;apos;, os.arch: &amp;apos;amd64&amp;apos;, os.version: &amp;apos;10.0&amp;apos;, java.version: &amp;apos;1.8.0_231&amp;apos;
Driver info: driver.version: ChromeDriver
remote stacktrace: Backtrace:
	Ordinal0 [0x00C6D383+3134339]
	Ordinal0 [0x00B5A171+2007409]
	Ordinal0 [0x009FAEE8+569064]
	Ordinal0 [0x0098139F+70559]
	Ordinal0 [0x0097CC63+52323]
	Ordinal0 [0x009A0DFC+200188]
	Ordinal0 [0x009A0C1D+199709]
	Ordinal0 [0x0099EB0B+191243]
	Ordinal0 [0x00982E77+77431]
	Ordinal0 [0x00983E3E+81470]
	Ordinal0 [0x00983DC9+81353]
	Ordinal0 [0x00B70CD9+2100441]
	GetHandleVerifier [0x00DDB75A+1396954]
	GetHandleVerifier [0x00DDB3D9+1396057]
	GetHandleVerifier [0x00DE7126+1444518]
	GetHandleVerifier [0x00DDBCE8+1398376]
	Ordinal0 [0x00B67F51+2064209]
	Ordinal0 [0x00B722EB+2106091]
	Ordinal0 [0x00B72411+2106385]
	Ordinal0 [0x00B849C4+2181572]
	BaseThreadInitThunk [0x759A6359+25]
	RtlGetAppContainerNamedObjectPath [0x77558944+228]
	RtlGetAppContainerNamedObjectPath [0x77558914+180]
">
      <![CDATA[org.openqa.selenium.SessionNotCreatedException: session not created: This version of ChromeDriver only supports Chrome version 85
Build info: version: '3.141.59', revision: 'e82be7d358', time: '2018-11-14T08:25:48'
System info: host: 'DESKTOP-IBA81BL', ip: '192.168.0.104', os.name: 'Windows 10', os.arch: 'amd64', os.version: '10.0', java.version: '1.8.0_231'
Driver info: driver.version: ChromeDriver
remote stacktrace: Backtrace:
Ordinal0 [0x00C6D383+3134339]
Ordinal0 [0x00B5A171+2007409]
Ordinal0 [0x009FAEE8+569064]
Ordinal0 [0x0098139F+70559]
Ordinal0 [0x0097CC63+52323]
Ordinal0 [0x009A0DFC+200188]
Ordinal0 [0x009A0C1D+199709]
Ordinal0 [0x0099EB0B+191243]
Ordinal0 [0x00982E77+77431]
Ordinal0 [0x00983E3E+81470]
Ordinal0 [0x00983DC9+81353]
Ordinal0 [0x00B70CD9+2100441]
GetHandleVerifier [0x00DDB75A+1396954]
GetHandleVerifier [0x00DDB3D9+1396057]
GetHandleVerifier [0x00DE7126+1444518]
GetHandleVerifier [0x00DDBCE8+1398376]
Ordinal0 [0x00B67F51+2064209]
Ordinal0 [0x00B722EB+2106091]
Ordinal0 [0x00B72411+2106385]
Ordinal0 [0x00B849C4+2181572]
BaseThreadInitThunk [0x759A6359+25]
RtlGetAppContainerNamedObjectPath [0x77558944+228]
RtlGetAppContainerNamedObjectPath [0x77558914+180]

at org.openqa.selenium.remote.W3CHandshakeResponse.lambda$errorHandler$0(W3CHandshakeResponse.java:62)
at org.openqa.selenium.remote.HandshakeResponse.lambda$getResponseFunction$0(HandshakeResponse.java:30)
at org.openqa.selenium.remote.ProtocolHandshake.lambda$createSession$0(ProtocolHandshake.java:126)
at java.util.stream.ReferencePipeline$3$1.accept(Unknown Source)
at java.util.Spliterators$ArraySpliterator.tryAdvance(Unknown Source)
at java.util.stream.ReferencePipeline.forEachWithCancel(Unknown Source)
at java.util.stream.AbstractPipeline.copyIntoWithCancel(Unknown Source)
at java.util.stream.AbstractPipeline.copyInto(Unknown Source)
at java.util.stream.AbstractPipeline.wrapAndCopyInto(Unknown Source)
at java.util.stream.FindOps$FindOp.evaluateSequential(Unknown Source)
at java.util.stream.AbstractPipeline.evaluate(Unknown Source)
at java.util.stream.ReferencePipeline.findFirst(Unknown Source)
at org.openqa.selenium.remote.ProtocolHandshake.createSession(ProtocolHandshake.java:128)
at org.openqa.selenium.remote.ProtocolHandshake.createSession(ProtocolHandshake.java:74)
at org.openqa.selenium.remote.HttpCommandExecutor.execute(HttpCommandExecutor.java:136)
at org.openqa.selenium.remote.service.DriverCommandExecutor.execute(DriverCommandExecutor.java:83)
at org.openqa.selenium.remote.RemoteWebDriver.execute(RemoteWebDriver.java:552)
at org.openqa.selenium.remote.RemoteWebDriver.startSession(RemoteWebDriver.java:213)
at org.openqa.selenium.remote.RemoteWebDriver.<init>(RemoteWebDriver.java:131)
at org.openqa.selenium.chrome.ChromeDriver.<init>(ChromeDriver.java:181)
at org.openqa.selenium.chrome.ChromeDriver.<init>(ChromeDriver.java:168)
at org.openqa.selenium.chrome.ChromeDriver.<init>(ChromeDriver.java:123)
at org.testing.Base.Base.Brlaunch(Base.java:27)
at java.util.ArrayList.forEach(Unknown Source)
... Removed 35 stack frames]]>
    </failure>
  </testcase> <!-- @BeforeMethod Brlaunch -->
  <testcase name="@AfterMethod Browserclose" time="-1.610083048979E9" classname="org.testing.Base.Base">
    <skipped/>
  </testcase> <!-- @AfterMethod Browserclose -->
  <testcase name="@BeforeMethod Brlaunch" time="1.481" classname="org.testing.Base.Base">
    <failure type="org.openqa.selenium.SessionNotCreatedException" message="session not created: This version of ChromeDriver only supports Chrome version 85
Build info: version: &amp;apos;3.141.59&amp;apos;, revision: &amp;apos;e82be7d358&amp;apos;, time: &amp;apos;2018-11-14T08:25:48&amp;apos;
System info: host: &amp;apos;DESKTOP-IBA81BL&amp;apos;, ip: &amp;apos;192.168.0.104&amp;apos;, os.name: &amp;apos;Windows 10&amp;apos;, os.arch: &amp;apos;amd64&amp;apos;, os.version: &amp;apos;10.0&amp;apos;, java.version: &amp;apos;1.8.0_231&amp;apos;
Driver info: driver.version: ChromeDriver
remote stacktrace: Backtrace:
	Ordinal0 [0x00C6D383+3134339]
	Ordinal0 [0x00B5A171+2007409]
	Ordinal0 [0x009FAEE8+569064]
	Ordinal0 [0x0098139F+70559]
	Ordinal0 [0x0097CC63+52323]
	Ordinal0 [0x009A0DFC+200188]
	Ordinal0 [0x009A0C1D+199709]
	Ordinal0 [0x0099EB0B+191243]
	Ordinal0 [0x00982E77+77431]
	Ordinal0 [0x00983E3E+81470]
	Ordinal0 [0x00983DC9+81353]
	Ordinal0 [0x00B70CD9+2100441]
	GetHandleVerifier [0x00DDB75A+1396954]
	GetHandleVerifier [0x00DDB3D9+1396057]
	GetHandleVerifier [0x00DE7126+1444518]
	GetHandleVerifier [0x00DDBCE8+1398376]
	Ordinal0 [0x00B67F51+2064209]
	Ordinal0 [0x00B722EB+2106091]
	Ordinal0 [0x00B72411+2106385]
	Ordinal0 [0x00B849C4+2181572]
	BaseThreadInitThunk [0x759A6359+25]
	RtlGetAppContainerNamedObjectPath [0x77558944+228]
	RtlGetAppContainerNamedObjectPath [0x77558914+180]
">
      <![CDATA[org.openqa.selenium.SessionNotCreatedException: session not created: This version of ChromeDriver only supports Chrome version 85
Build info: version: '3.141.59', revision: 'e82be7d358', time: '2018-11-14T08:25:48'
System info: host: 'DESKTOP-IBA81BL', ip: '192.168.0.104', os.name: 'Windows 10', os.arch: 'amd64', os.version: '10.0', java.version: '1.8.0_231'
Driver info: driver.version: ChromeDriver
remote stacktrace: Backtrace:
Ordinal0 [0x00C6D383+3134339]
Ordinal0 [0x00B5A171+2007409]
Ordinal0 [0x009FAEE8+569064]
Ordinal0 [0x0098139F+70559]
Ordinal0 [0x0097CC63+52323]
Ordinal0 [0x009A0DFC+200188]
Ordinal0 [0x009A0C1D+199709]
Ordinal0 [0x0099EB0B+191243]
Ordinal0 [0x00982E77+77431]
Ordinal0 [0x00983E3E+81470]
Ordinal0 [0x00983DC9+81353]
Ordinal0 [0x00B70CD9+2100441]
GetHandleVerifier [0x00DDB75A+1396954]
GetHandleVerifier [0x00DDB3D9+1396057]
GetHandleVerifier [0x00DE7126+1444518]
GetHandleVerifier [0x00DDBCE8+1398376]
Ordinal0 [0x00B67F51+2064209]
Ordinal0 [0x00B722EB+2106091]
Ordinal0 [0x00B72411+2106385]
Ordinal0 [0x00B849C4+2181572]
BaseThreadInitThunk [0x759A6359+25]
RtlGetAppContainerNamedObjectPath [0x77558944+228]
RtlGetAppContainerNamedObjectPath [0x77558914+180]

at org.openqa.selenium.remote.W3CHandshakeResponse.lambda$errorHandler$0(W3CHandshakeResponse.java:62)
at org.openqa.selenium.remote.HandshakeResponse.lambda$getResponseFunction$0(HandshakeResponse.java:30)
at org.openqa.selenium.remote.ProtocolHandshake.lambda$createSession$0(ProtocolHandshake.java:126)
at java.util.stream.ReferencePipeline$3$1.accept(Unknown Source)
at java.util.Spliterators$ArraySpliterator.tryAdvance(Unknown Source)
at java.util.stream.ReferencePipeline.forEachWithCancel(Unknown Source)
at java.util.stream.AbstractPipeline.copyIntoWithCancel(Unknown Source)
at java.util.stream.AbstractPipeline.copyInto(Unknown Source)
at java.util.stream.AbstractPipeline.wrapAndCopyInto(Unknown Source)
at java.util.stream.FindOps$FindOp.evaluateSequential(Unknown Source)
at java.util.stream.AbstractPipeline.evaluate(Unknown Source)
at java.util.stream.ReferencePipeline.findFirst(Unknown Source)
at org.openqa.selenium.remote.ProtocolHandshake.createSession(ProtocolHandshake.java:128)
at org.openqa.selenium.remote.ProtocolHandshake.createSession(ProtocolHandshake.java:74)
at org.openqa.selenium.remote.HttpCommandExecutor.execute(HttpCommandExecutor.java:136)
at org.openqa.selenium.remote.service.DriverCommandExecutor.execute(DriverCommandExecutor.java:83)
at org.openqa.selenium.remote.RemoteWebDriver.execute(RemoteWebDriver.java:552)
at org.openqa.selenium.remote.RemoteWebDriver.startSession(RemoteWebDriver.java:213)
at org.openqa.selenium.remote.RemoteWebDriver.<init>(RemoteWebDriver.java:131)
at org.openqa.selenium.chrome.ChromeDriver.<init>(ChromeDriver.java:181)
at org.openqa.selenium.chrome.ChromeDriver.<init>(ChromeDriver.java:168)
at org.openqa.selenium.chrome.ChromeDriver.<init>(ChromeDriver.java:123)
at org.testing.Base.Base.Brlaunch(Base.java:27)
at java.util.ArrayList.forEach(Unknown Source)
... Removed 35 stack frames]]>
    </failure>
  </testcase> <!-- @BeforeMethod Brlaunch -->
  <testcase name="@AfterMethod Browserclose" time="-1.610083050488E9" classname="org.testing.Base.Base">
    <skipped/>
  </testcase> <!-- @AfterMethod Browserclose -->
  <testcase name="@BeforeMethod Brlaunch" time="1.558" classname="org.testing.Base.Base">
    <failure type="org.openqa.selenium.SessionNotCreatedException" message="session not created: This version of ChromeDriver only supports Chrome version 85
Build info: version: &amp;apos;3.141.59&amp;apos;, revision: &amp;apos;e82be7d358&amp;apos;, time: &amp;apos;2018-11-14T08:25:48&amp;apos;
System info: host: &amp;apos;DESKTOP-IBA81BL&amp;apos;, ip: &amp;apos;192.168.0.104&amp;apos;, os.name: &amp;apos;Windows 10&amp;apos;, os.arch: &amp;apos;amd64&amp;apos;, os.version: &amp;apos;10.0&amp;apos;, java.version: &amp;apos;1.8.0_231&amp;apos;
Driver info: driver.version: ChromeDriver
remote stacktrace: Backtrace:
	Ordinal0 [0x00C6D383+3134339]
	Ordinal0 [0x00B5A171+2007409]
	Ordinal0 [0x009FAEE8+569064]
	Ordinal0 [0x0098139F+70559]
	Ordinal0 [0x0097CC63+52323]
	Ordinal0 [0x009A0DFC+200188]
	Ordinal0 [0x009A0C1D+199709]
	Ordinal0 [0x0099EB0B+191243]
	Ordinal0 [0x00982E77+77431]
	Ordinal0 [0x00983E3E+81470]
	Ordinal0 [0x00983DC9+81353]
	Ordinal0 [0x00B70CD9+2100441]
	GetHandleVerifier [0x00DDB75A+1396954]
	GetHandleVerifier [0x00DDB3D9+1396057]
	GetHandleVerifier [0x00DE7126+1444518]
	GetHandleVerifier [0x00DDBCE8+1398376]
	Ordinal0 [0x00B67F51+2064209]
	Ordinal0 [0x00B722EB+2106091]
	Ordinal0 [0x00B72411+2106385]
	Ordinal0 [0x00B849C4+2181572]
	BaseThreadInitThunk [0x759A6359+25]
	RtlGetAppContainerNamedObjectPath [0x77558944+228]
	RtlGetAppContainerNamedObjectPath [0x77558914+180]
">
      <![CDATA[org.openqa.selenium.SessionNotCreatedException: session not created: This version of ChromeDriver only supports Chrome version 85
Build info: version: '3.141.59', revision: 'e82be7d358', time: '2018-11-14T08:25:48'
System info: host: 'DESKTOP-IBA81BL', ip: '192.168.0.104', os.name: 'Windows 10', os.arch: 'amd64', os.version: '10.0', java.version: '1.8.0_231'
Driver info: driver.version: ChromeDriver
remote stacktrace: Backtrace:
Ordinal0 [0x00C6D383+3134339]
Ordinal0 [0x00B5A171+2007409]
Ordinal0 [0x009FAEE8+569064]
Ordinal0 [0x0098139F+70559]
Ordinal0 [0x0097CC63+52323]
Ordinal0 [0x009A0DFC+200188]
Ordinal0 [0x009A0C1D+199709]
Ordinal0 [0x0099EB0B+191243]
Ordinal0 [0x00982E77+77431]
Ordinal0 [0x00983E3E+81470]
Ordinal0 [0x00983DC9+81353]
Ordinal0 [0x00B70CD9+2100441]
GetHandleVerifier [0x00DDB75A+1396954]
GetHandleVerifier [0x00DDB3D9+1396057]
GetHandleVerifier [0x00DE7126+1444518]
GetHandleVerifier [0x00DDBCE8+1398376]
Ordinal0 [0x00B67F51+2064209]
Ordinal0 [0x00B722EB+2106091]
Ordinal0 [0x00B72411+2106385]
Ordinal0 [0x00B849C4+2181572]
BaseThreadInitThunk [0x759A6359+25]
RtlGetAppContainerNamedObjectPath [0x77558944+228]
RtlGetAppContainerNamedObjectPath [0x77558914+180]

at org.openqa.selenium.remote.W3CHandshakeResponse.lambda$errorHandler$0(W3CHandshakeResponse.java:62)
at org.openqa.selenium.remote.HandshakeResponse.lambda$getResponseFunction$0(HandshakeResponse.java:30)
at org.openqa.selenium.remote.ProtocolHandshake.lambda$createSession$0(ProtocolHandshake.java:126)
at java.util.stream.ReferencePipeline$3$1.accept(Unknown Source)
at java.util.Spliterators$ArraySpliterator.tryAdvance(Unknown Source)
at java.util.stream.ReferencePipeline.forEachWithCancel(Unknown Source)
at java.util.stream.AbstractPipeline.copyIntoWithCancel(Unknown Source)
at java.util.stream.AbstractPipeline.copyInto(Unknown Source)
at java.util.stream.AbstractPipeline.wrapAndCopyInto(Unknown Source)
at java.util.stream.FindOps$FindOp.evaluateSequential(Unknown Source)
at java.util.stream.AbstractPipeline.evaluate(Unknown Source)
at java.util.stream.ReferencePipeline.findFirst(Unknown Source)
at org.openqa.selenium.remote.ProtocolHandshake.createSession(ProtocolHandshake.java:128)
at org.openqa.selenium.remote.ProtocolHandshake.createSession(ProtocolHandshake.java:74)
at org.openqa.selenium.remote.HttpCommandExecutor.execute(HttpCommandExecutor.java:136)
at org.openqa.selenium.remote.service.DriverCommandExecutor.execute(DriverCommandExecutor.java:83)
at org.openqa.selenium.remote.RemoteWebDriver.execute(RemoteWebDriver.java:552)
at org.openqa.selenium.remote.RemoteWebDriver.startSession(RemoteWebDriver.java:213)
at org.openqa.selenium.remote.RemoteWebDriver.<init>(RemoteWebDriver.java:131)
at org.openqa.selenium.chrome.ChromeDriver.<init>(ChromeDriver.java:181)
at org.openqa.selenium.chrome.ChromeDriver.<init>(ChromeDriver.java:168)
at org.openqa.selenium.chrome.ChromeDriver.<init>(ChromeDriver.java:123)
at org.testing.Base.Base.Brlaunch(Base.java:27)
at java.util.ArrayList.forEach(Unknown Source)
... Removed 35 stack frames]]>
    </failure>
  </testcase> <!-- @BeforeMethod Brlaunch -->
  <testcase name="@AfterMethod Browserclose" time="-1.61008305208E9" classname="org.testing.Base.Base">
    <skipped/>
  </testcase> <!-- @AfterMethod Browserclose -->
  <testcase name="@BeforeMethod Brlaunch" time="1.997" classname="org.testing.Base.Base">
    <failure type="org.openqa.selenium.SessionNotCreatedException" message="session not created: This version of ChromeDriver only supports Chrome version 85
Build info: version: &amp;apos;3.141.59&amp;apos;, revision: &amp;apos;e82be7d358&amp;apos;, time: &amp;apos;2018-11-14T08:25:48&amp;apos;
System info: host: &amp;apos;DESKTOP-IBA81BL&amp;apos;, ip: &amp;apos;192.168.0.104&amp;apos;, os.name: &amp;apos;Windows 10&amp;apos;, os.arch: &amp;apos;amd64&amp;apos;, os.version: &amp;apos;10.0&amp;apos;, java.version: &amp;apos;1.8.0_231&amp;apos;
Driver info: driver.version: ChromeDriver
remote stacktrace: Backtrace:
	Ordinal0 [0x00C6D383+3134339]
	Ordinal0 [0x00B5A171+2007409]
	Ordinal0 [0x009FAEE8+569064]
	Ordinal0 [0x0098139F+70559]
	Ordinal0 [0x0097CC63+52323]
	Ordinal0 [0x009A0DFC+200188]
	Ordinal0 [0x009A0C1D+199709]
	Ordinal0 [0x0099EB0B+191243]
	Ordinal0 [0x00982E77+77431]
	Ordinal0 [0x00983E3E+81470]
	Ordinal0 [0x00983DC9+81353]
	Ordinal0 [0x00B70CD9+2100441]
	GetHandleVerifier [0x00DDB75A+1396954]
	GetHandleVerifier [0x00DDB3D9+1396057]
	GetHandleVerifier [0x00DE7126+1444518]
	GetHandleVerifier [0x00DDBCE8+1398376]
	Ordinal0 [0x00B67F51+2064209]
	Ordinal0 [0x00B722EB+2106091]
	Ordinal0 [0x00B72411+2106385]
	Ordinal0 [0x00B849C4+2181572]
	BaseThreadInitThunk [0x759A6359+25]
	RtlGetAppContainerNamedObjectPath [0x77558944+228]
	RtlGetAppContainerNamedObjectPath [0x77558914+180]
">
      <![CDATA[org.openqa.selenium.SessionNotCreatedException: session not created: This version of ChromeDriver only supports Chrome version 85
Build info: version: '3.141.59', revision: 'e82be7d358', time: '2018-11-14T08:25:48'
System info: host: 'DESKTOP-IBA81BL', ip: '192.168.0.104', os.name: 'Windows 10', os.arch: 'amd64', os.version: '10.0', java.version: '1.8.0_231'
Driver info: driver.version: ChromeDriver
remote stacktrace: Backtrace:
Ordinal0 [0x00C6D383+3134339]
Ordinal0 [0x00B5A171+2007409]
Ordinal0 [0x009FAEE8+569064]
Ordinal0 [0x0098139F+70559]
Ordinal0 [0x0097CC63+52323]
Ordinal0 [0x009A0DFC+200188]
Ordinal0 [0x009A0C1D+199709]
Ordinal0 [0x0099EB0B+191243]
Ordinal0 [0x00982E77+77431]
Ordinal0 [0x00983E3E+81470]
Ordinal0 [0x00983DC9+81353]
Ordinal0 [0x00B70CD9+2100441]
GetHandleVerifier [0x00DDB75A+1396954]
GetHandleVerifier [0x00DDB3D9+1396057]
GetHandleVerifier [0x00DE7126+1444518]
GetHandleVerifier [0x00DDBCE8+1398376]
Ordinal0 [0x00B67F51+2064209]
Ordinal0 [0x00B722EB+2106091]
Ordinal0 [0x00B72411+2106385]
Ordinal0 [0x00B849C4+2181572]
BaseThreadInitThunk [0x759A6359+25]
RtlGetAppContainerNamedObjectPath [0x77558944+228]
RtlGetAppContainerNamedObjectPath [0x77558914+180]

at org.openqa.selenium.remote.W3CHandshakeResponse.lambda$errorHandler$0(W3CHandshakeResponse.java:62)
at org.openqa.selenium.remote.HandshakeResponse.lambda$getResponseFunction$0(HandshakeResponse.java:30)
at org.openqa.selenium.remote.ProtocolHandshake.lambda$createSession$0(ProtocolHandshake.java:126)
at java.util.stream.ReferencePipeline$3$1.accept(Unknown Source)
at java.util.Spliterators$ArraySpliterator.tryAdvance(Unknown Source)
at java.util.stream.ReferencePipeline.forEachWithCancel(Unknown Source)
at java.util.stream.AbstractPipeline.copyIntoWithCancel(Unknown Source)
at java.util.stream.AbstractPipeline.copyInto(Unknown Source)
at java.util.stream.AbstractPipeline.wrapAndCopyInto(Unknown Source)
at java.util.stream.FindOps$FindOp.evaluateSequential(Unknown Source)
at java.util.stream.AbstractPipeline.evaluate(Unknown Source)
at java.util.stream.ReferencePipeline.findFirst(Unknown Source)
at org.openqa.selenium.remote.ProtocolHandshake.createSession(ProtocolHandshake.java:128)
at org.openqa.selenium.remote.ProtocolHandshake.createSession(ProtocolHandshake.java:74)
at org.openqa.selenium.remote.HttpCommandExecutor.execute(HttpCommandExecutor.java:136)
at org.openqa.selenium.remote.service.DriverCommandExecutor.execute(DriverCommandExecutor.java:83)
at org.openqa.selenium.remote.RemoteWebDriver.execute(RemoteWebDriver.java:552)
at org.openqa.selenium.remote.RemoteWebDriver.startSession(RemoteWebDriver.java:213)
at org.openqa.selenium.remote.RemoteWebDriver.<init>(RemoteWebDriver.java:131)
at org.openqa.selenium.chrome.ChromeDriver.<init>(ChromeDriver.java:181)
at org.openqa.selenium.chrome.ChromeDriver.<init>(ChromeDriver.java:168)
at org.openqa.selenium.chrome.ChromeDriver.<init>(ChromeDriver.java:123)
at org.testing.Base.Base.Brlaunch(Base.java:27)
at java.util.ArrayList.forEach(Unknown Source)
... Removed 35 stack frames]]>
    </failure>
  </testcase> <!-- @BeforeMethod Brlaunch -->
  <testcase name="@AfterMethod Browserclose" time="-1.610083054098E9" classname="org.testing.Base.Base">
    <skipped/>
  </testcase> <!-- @AfterMethod Browserclose -->
  <testcase name="@BeforeMethod Brlaunch" time="1.792" classname="org.testing.Base.Base">
    <failure type="org.openqa.selenium.SessionNotCreatedException" message="session not created: This version of ChromeDriver only supports Chrome version 85
Build info: version: &amp;apos;3.141.59&amp;apos;, revision: &amp;apos;e82be7d358&amp;apos;, time: &amp;apos;2018-11-14T08:25:48&amp;apos;
System info: host: &amp;apos;DESKTOP-IBA81BL&amp;apos;, ip: &amp;apos;192.168.0.104&amp;apos;, os.name: &amp;apos;Windows 10&amp;apos;, os.arch: &amp;apos;amd64&amp;apos;, os.version: &amp;apos;10.0&amp;apos;, java.version: &amp;apos;1.8.0_231&amp;apos;
Driver info: driver.version: ChromeDriver
remote stacktrace: Backtrace:
	Ordinal0 [0x00C6D383+3134339]
	Ordinal0 [0x00B5A171+2007409]
	Ordinal0 [0x009FAEE8+569064]
	Ordinal0 [0x0098139F+70559]
	Ordinal0 [0x0097CC63+52323]
	Ordinal0 [0x009A0DFC+200188]
	Ordinal0 [0x009A0C1D+199709]
	Ordinal0 [0x0099EB0B+191243]
	Ordinal0 [0x00982E77+77431]
	Ordinal0 [0x00983E3E+81470]
	Ordinal0 [0x00983DC9+81353]
	Ordinal0 [0x00B70CD9+2100441]
	GetHandleVerifier [0x00DDB75A+1396954]
	GetHandleVerifier [0x00DDB3D9+1396057]
	GetHandleVerifier [0x00DE7126+1444518]
	GetHandleVerifier [0x00DDBCE8+1398376]
	Ordinal0 [0x00B67F51+2064209]
	Ordinal0 [0x00B722EB+2106091]
	Ordinal0 [0x00B72411+2106385]
	Ordinal0 [0x00B849C4+2181572]
	BaseThreadInitThunk [0x759A6359+25]
	RtlGetAppContainerNamedObjectPath [0x77558944+228]
	RtlGetAppContainerNamedObjectPath [0x77558914+180]
">
      <![CDATA[org.openqa.selenium.SessionNotCreatedException: session not created: This version of ChromeDriver only supports Chrome version 85
Build info: version: '3.141.59', revision: 'e82be7d358', time: '2018-11-14T08:25:48'
System info: host: 'DESKTOP-IBA81BL', ip: '192.168.0.104', os.name: 'Windows 10', os.arch: 'amd64', os.version: '10.0', java.version: '1.8.0_231'
Driver info: driver.version: ChromeDriver
remote stacktrace: Backtrace:
Ordinal0 [0x00C6D383+3134339]
Ordinal0 [0x00B5A171+2007409]
Ordinal0 [0x009FAEE8+569064]
Ordinal0 [0x0098139F+70559]
Ordinal0 [0x0097CC63+52323]
Ordinal0 [0x009A0DFC+200188]
Ordinal0 [0x009A0C1D+199709]
Ordinal0 [0x0099EB0B+191243]
Ordinal0 [0x00982E77+77431]
Ordinal0 [0x00983E3E+81470]
Ordinal0 [0x00983DC9+81353]
Ordinal0 [0x00B70CD9+2100441]
GetHandleVerifier [0x00DDB75A+1396954]
GetHandleVerifier [0x00DDB3D9+1396057]
GetHandleVerifier [0x00DE7126+1444518]
GetHandleVerifier [0x00DDBCE8+1398376]
Ordinal0 [0x00B67F51+2064209]
Ordinal0 [0x00B722EB+2106091]
Ordinal0 [0x00B72411+2106385]
Ordinal0 [0x00B849C4+2181572]
BaseThreadInitThunk [0x759A6359+25]
RtlGetAppContainerNamedObjectPath [0x77558944+228]
RtlGetAppContainerNamedObjectPath [0x77558914+180]

at org.openqa.selenium.remote.W3CHandshakeResponse.lambda$errorHandler$0(W3CHandshakeResponse.java:62)
at org.openqa.selenium.remote.HandshakeResponse.lambda$getResponseFunction$0(HandshakeResponse.java:30)
at org.openqa.selenium.remote.ProtocolHandshake.lambda$createSession$0(ProtocolHandshake.java:126)
at java.util.stream.ReferencePipeline$3$1.accept(Unknown Source)
at java.util.Spliterators$ArraySpliterator.tryAdvance(Unknown Source)
at java.util.stream.ReferencePipeline.forEachWithCancel(Unknown Source)
at java.util.stream.AbstractPipeline.copyIntoWithCancel(Unknown Source)
at java.util.stream.AbstractPipeline.copyInto(Unknown Source)
at java.util.stream.AbstractPipeline.wrapAndCopyInto(Unknown Source)
at java.util.stream.FindOps$FindOp.evaluateSequential(Unknown Source)
at java.util.stream.AbstractPipeline.evaluate(Unknown Source)
at java.util.stream.ReferencePipeline.findFirst(Unknown Source)
at org.openqa.selenium.remote.ProtocolHandshake.createSession(ProtocolHandshake.java:128)
at org.openqa.selenium.remote.ProtocolHandshake.createSession(ProtocolHandshake.java:74)
at org.openqa.selenium.remote.HttpCommandExecutor.execute(HttpCommandExecutor.java:136)
at org.openqa.selenium.remote.service.DriverCommandExecutor.execute(DriverCommandExecutor.java:83)
at org.openqa.selenium.remote.RemoteWebDriver.execute(RemoteWebDriver.java:552)
at org.openqa.selenium.remote.RemoteWebDriver.startSession(RemoteWebDriver.java:213)
at org.openqa.selenium.remote.RemoteWebDriver.<init>(RemoteWebDriver.java:131)
at org.openqa.selenium.chrome.ChromeDriver.<init>(ChromeDriver.java:181)
at org.openqa.selenium.chrome.ChromeDriver.<init>(ChromeDriver.java:168)
at org.openqa.selenium.chrome.ChromeDriver.<init>(ChromeDriver.java:123)
at org.testing.Base.Base.Brlaunch(Base.java:27)
at java.util.ArrayList.forEach(Unknown Source)
... Removed 35 stack frames]]>
    </failure>
  </testcase> <!-- @BeforeMethod Brlaunch -->
  <testcase name="@AfterMethod Browserclose" time="-1.610083055912E9" classname="org.testing.Base.Base">
    <skipped/>
  </testcase> <!-- @AfterMethod Browserclose -->
  <testcase name="@BeforeMethod Brlaunch" time="1.747" classname="org.testing.Base.Base">
    <failure type="org.openqa.selenium.SessionNotCreatedException" message="session not created: This version of ChromeDriver only supports Chrome version 85
Build info: version: &amp;apos;3.141.59&amp;apos;, revision: &amp;apos;e82be7d358&amp;apos;, time: &amp;apos;2018-11-14T08:25:48&amp;apos;
System info: host: &amp;apos;DESKTOP-IBA81BL&amp;apos;, ip: &amp;apos;192.168.0.104&amp;apos;, os.name: &amp;apos;Windows 10&amp;apos;, os.arch: &amp;apos;amd64&amp;apos;, os.version: &amp;apos;10.0&amp;apos;, java.version: &amp;apos;1.8.0_231&amp;apos;
Driver info: driver.version: ChromeDriver
remote stacktrace: Backtrace:
	Ordinal0 [0x00C6D383+3134339]
	Ordinal0 [0x00B5A171+2007409]
	Ordinal0 [0x009FAEE8+569064]
	Ordinal0 [0x0098139F+70559]
	Ordinal0 [0x0097CC63+52323]
	Ordinal0 [0x009A0DFC+200188]
	Ordinal0 [0x009A0C1D+199709]
	Ordinal0 [0x0099EB0B+191243]
	Ordinal0 [0x00982E77+77431]
	Ordinal0 [0x00983E3E+81470]
	Ordinal0 [0x00983DC9+81353]
	Ordinal0 [0x00B70CD9+2100441]
	GetHandleVerifier [0x00DDB75A+1396954]
	GetHandleVerifier [0x00DDB3D9+1396057]
	GetHandleVerifier [0x00DE7126+1444518]
	GetHandleVerifier [0x00DDBCE8+1398376]
	Ordinal0 [0x00B67F51+2064209]
	Ordinal0 [0x00B722EB+2106091]
	Ordinal0 [0x00B72411+2106385]
	Ordinal0 [0x00B849C4+2181572]
	BaseThreadInitThunk [0x759A6359+25]
	RtlGetAppContainerNamedObjectPath [0x77558944+228]
	RtlGetAppContainerNamedObjectPath [0x77558914+180]
">
      <![CDATA[org.openqa.selenium.SessionNotCreatedException: session not created: This version of ChromeDriver only supports Chrome version 85
Build info: version: '3.141.59', revision: 'e82be7d358', time: '2018-11-14T08:25:48'
System info: host: 'DESKTOP-IBA81BL', ip: '192.168.0.104', os.name: 'Windows 10', os.arch: 'amd64', os.version: '10.0', java.version: '1.8.0_231'
Driver info: driver.version: ChromeDriver
remote stacktrace: Backtrace:
Ordinal0 [0x00C6D383+3134339]
Ordinal0 [0x00B5A171+2007409]
Ordinal0 [0x009FAEE8+569064]
Ordinal0 [0x0098139F+70559]
Ordinal0 [0x0097CC63+52323]
Ordinal0 [0x009A0DFC+200188]
Ordinal0 [0x009A0C1D+199709]
Ordinal0 [0x0099EB0B+191243]
Ordinal0 [0x00982E77+77431]
Ordinal0 [0x00983E3E+81470]
Ordinal0 [0x00983DC9+81353]
Ordinal0 [0x00B70CD9+2100441]
GetHandleVerifier [0x00DDB75A+1396954]
GetHandleVerifier [0x00DDB3D9+1396057]
GetHandleVerifier [0x00DE7126+1444518]
GetHandleVerifier [0x00DDBCE8+1398376]
Ordinal0 [0x00B67F51+2064209]
Ordinal0 [0x00B722EB+2106091]
Ordinal0 [0x00B72411+2106385]
Ordinal0 [0x00B849C4+2181572]
BaseThreadInitThunk [0x759A6359+25]
RtlGetAppContainerNamedObjectPath [0x77558944+228]
RtlGetAppContainerNamedObjectPath [0x77558914+180]

at org.openqa.selenium.remote.W3CHandshakeResponse.lambda$errorHandler$0(W3CHandshakeResponse.java:62)
at org.openqa.selenium.remote.HandshakeResponse.lambda$getResponseFunction$0(HandshakeResponse.java:30)
at org.openqa.selenium.remote.ProtocolHandshake.lambda$createSession$0(ProtocolHandshake.java:126)
at java.util.stream.ReferencePipeline$3$1.accept(Unknown Source)
at java.util.Spliterators$ArraySpliterator.tryAdvance(Unknown Source)
at java.util.stream.ReferencePipeline.forEachWithCancel(Unknown Source)
at java.util.stream.AbstractPipeline.copyIntoWithCancel(Unknown Source)
at java.util.stream.AbstractPipeline.copyInto(Unknown Source)
at java.util.stream.AbstractPipeline.wrapAndCopyInto(Unknown Source)
at java.util.stream.FindOps$FindOp.evaluateSequential(Unknown Source)
at java.util.stream.AbstractPipeline.evaluate(Unknown Source)
at java.util.stream.ReferencePipeline.findFirst(Unknown Source)
at org.openqa.selenium.remote.ProtocolHandshake.createSession(ProtocolHandshake.java:128)
at org.openqa.selenium.remote.ProtocolHandshake.createSession(ProtocolHandshake.java:74)
at org.openqa.selenium.remote.HttpCommandExecutor.execute(HttpCommandExecutor.java:136)
at org.openqa.selenium.remote.service.DriverCommandExecutor.execute(DriverCommandExecutor.java:83)
at org.openqa.selenium.remote.RemoteWebDriver.execute(RemoteWebDriver.java:552)
at org.openqa.selenium.remote.RemoteWebDriver.startSession(RemoteWebDriver.java:213)
at org.openqa.selenium.remote.RemoteWebDriver.<init>(RemoteWebDriver.java:131)
at org.openqa.selenium.chrome.ChromeDriver.<init>(ChromeDriver.java:181)
at org.openqa.selenium.chrome.ChromeDriver.<init>(ChromeDriver.java:168)
at org.openqa.selenium.chrome.ChromeDriver.<init>(ChromeDriver.java:123)
at org.testing.Base.Base.Brlaunch(Base.java:27)
at java.util.ArrayList.forEach(Unknown Source)
... Removed 35 stack frames]]>
    </failure>
  </testcase> <!-- @BeforeMethod Brlaunch -->
  <testcase name="@AfterMethod Browserclose" time="-1.610083057669E9" classname="org.testing.Base.Base">
    <skipped/>
  </testcase> <!-- @AfterMethod Browserclose -->
  <testcase name="trending" time="0.0" classname="org.testing.TestScripts.TC_1">
    <skipped/>
  </testcase> <!-- trending -->
  <testcase name="history" time="0.0" classname="org.testing.TestScripts.TC_2">
    <skipped/>
  </testcase> <!-- history -->
  <testcase name="login" time="0.0" classname="org.testing.TestScripts.TC_3">
    <skipped/>
  </testcase> <!-- login -->
  <testcase name="login" time="0.0" classname="org.testing.TestScripts.TC_4">
    <skipped/>
  </testcase> <!-- login -->
  <testcase name="login" time="0.0" classname="org.testing.TestScripts.TC_5">
    <skipped/>
  </testcase> <!-- login -->
  <testcase name="login" time="0.0" classname="org.testing.TestScripts.TC_6">
    <skipped/>
  </testcase> <!-- login -->
  <testcase name="login" time="0.0" classname="org.testing.TestScripts.TC_7">
    <skipped/>
  </testcase> <!-- login -->
  <testcase name="login" time="0.0" classname="org.testing.TestScripts.TC_8">
    <skipped/>
  </testcase> <!-- login -->
</testsuite> <!-- Test -->
